[debug] [2022-09-07T09:42:51.920Z] ----------------------------------------------------------------------
[debug] [2022-09-07T09:42:51.922Z] Command:       C:\Program Files\nodejs\node.exe C:\Users\pontsho\AppData\Roaming\npm\node_modules\firebase-tools\lib\bin\firebase.js init
[debug] [2022-09-07T09:42:51.922Z] CLI Version:   11.8.0
[debug] [2022-09-07T09:42:51.922Z] Platform:      win32
[debug] [2022-09-07T09:42:51.922Z] Node Version:  v16.16.0
[debug] [2022-09-07T09:42:51.923Z] Time:          Wed Sep 07 2022 11:42:51 GMT+0200 (South Africa Standard Time)
[debug] [2022-09-07T09:42:51.923Z] ----------------------------------------------------------------------
[debug] 
[debug] [2022-09-07T09:42:51.929Z] > command requires scopes: ["email","openid","https://www.googleapis.com/auth/cloudplatformprojects.readonly","https://www.googleapis.com/auth/firebase","https://www.googleapis.com/auth/cloud-platform"]
[debug] [2022-09-07T09:42:51.929Z] > authorizing via signed-in user (pontshol29@gmail.com)
[info] 
     ######## #### ########  ######## ########     ###     ######  ########
     ##        ##  ##     ## ##       ##     ##  ##   ##  ##       ##
     ######    ##  ########  ######   ########  #########  ######  ######
     ##        ##  ##    ##  ##       ##     ## ##     ##       ## ##
     ##       #### ##     ## ######## ########  ##     ##  ######  ########

You're about to initialize a Firebase project in this directory:

  C:\Users\pontsho\Desktop\admin-app

[info] 
=== Project Setup
[info] 
[info] First, let's associate this project directory with a Firebase project.
[info] You can create multiple project aliases by running firebase use --add, 
[info] but for now we'll just set up a default project.
[info] 
[debug] [2022-09-07T09:43:09.820Z] >>> [apiv2][query] GET https://firebase.googleapis.com/v1beta1/projects pageSize=100
[debug] [2022-09-07T09:43:10.694Z] <<< [apiv2][status] GET https://firebase.googleapis.com/v1beta1/projects 200
[debug] [2022-09-07T09:43:10.695Z] <<< [apiv2][body] GET https://firebase.googleapis.com/v1beta1/projects [omitted]
[info] i  Using project admin-app-b92fb (Admin-App) 
[info] 
=== Database Setup
[info] i  database: ensuring required API firebasedatabase.googleapis.com is enabled... 
[debug] [2022-09-07T09:43:12.495Z] >>> [apiv2][query] GET https://serviceusage.googleapis.com/v1/projects/admin-app-b92fb/services/firebasedatabase.googleapis.com [none]
[debug] [2022-09-07T09:43:14.391Z] <<< [apiv2][status] GET https://serviceusage.googleapis.com/v1/projects/admin-app-b92fb/services/firebasedatabase.googleapis.com 200
[debug] [2022-09-07T09:43:14.391Z] <<< [apiv2][body] GET https://serviceusage.googleapis.com/v1/projects/admin-app-b92fb/services/firebasedatabase.googleapis.com [omitted]
[info] +  database: required API firebasedatabase.googleapis.com is enabled 
[info] 
[debug] [2022-09-07T09:43:14.392Z] >>> [apiv2][query] GET https://firebasedatabase.googleapis.com/v1beta/projects/admin-app-b92fb/locations/-/instances/admin-app-b92fb-default-rtdb [none]
[debug] [2022-09-07T09:43:15.002Z] <<< [apiv2][status] GET https://firebasedatabase.googleapis.com/v1beta/projects/admin-app-b92fb/locations/-/instances/admin-app-b92fb-default-rtdb 200
[debug] [2022-09-07T09:43:15.003Z] <<< [apiv2][body] GET https://firebasedatabase.googleapis.com/v1beta/projects/admin-app-b92fb/locations/-/instances/admin-app-b92fb-default-rtdb {"name":"projects/1074223036316/locations/us-central1/instances/admin-app-b92fb-default-rtdb","project":"projects/1074223036316","databaseUrl":"https://admin-app-b92fb-default-rtdb.firebaseio.com","type":"DEFAULT_DATABASE","state":"ACTIVE"}
[info] 
[info] Firebase Realtime Database Security Rules allow you to define how your data should be
[info] structured and when your data can be read from and written to.
[info] 
[debug] [2022-09-07T09:43:34.505Z] >>> [apiv2][query] GET https://admin-app-b92fb-default-rtdb.firebaseio.com/.settings/rules.json [none]
[debug] [2022-09-07T09:43:35.139Z] <<< [apiv2][status] GET https://admin-app-b92fb-default-rtdb.firebaseio.com/.settings/rules.json 200
[debug] [2022-09-07T09:43:35.139Z] <<< [apiv2][body] GET https://admin-app-b92fb-default-rtdb.firebaseio.com/.settings/rules.json [stream]
[info] +  Database Rules for admin-app-b92fb-default-rtdb have been written to database.rules.json. 
[info] Future modifications to database.rules.json will update Realtime Database Security Rules when you run
[info] firebase deploy.
[info] 
=== Firestore Setup
[debug] [2022-09-07T09:43:35.143Z] >>> [apiv2][query] GET https://serviceusage.googleapis.com/v1/projects/admin-app-b92fb/services/firestore.googleapis.com [none]
[debug] [2022-09-07T09:43:37.084Z] <<< [apiv2][status] GET https://serviceusage.googleapis.com/v1/projects/admin-app-b92fb/services/firestore.googleapis.com 200
[debug] [2022-09-07T09:43:37.084Z] <<< [apiv2][body] GET https://serviceusage.googleapis.com/v1/projects/admin-app-b92fb/services/firestore.googleapis.com [omitted]
[debug] [2022-09-07T09:43:37.084Z] >>> [apiv2][query] GET https://appengine.googleapis.com/v1/apps/admin-app-b92fb [none]
[debug] [2022-09-07T09:43:38.602Z] <<< [apiv2][status] GET https://appengine.googleapis.com/v1/apps/admin-app-b92fb 200
[debug] [2022-09-07T09:43:38.602Z] <<< [apiv2][body] GET https://appengine.googleapis.com/v1/apps/admin-app-b92fb {"name":"apps/admin-app-b92fb","id":"admin-app-b92fb","authDomain":"gmail.com","locationId":"us-central","codeBucket":"staging.admin-app-b92fb.appspot.com","servingStatus":"SERVING","defaultHostname":"admin-app-b92fb.uc.r.appspot.com","defaultBucket":"admin-app-b92fb.appspot.com","serviceAccount":"admin-app-b92fb@appspot.gserviceaccount.com","gcrDomain":"us.gcr.io","databaseType":"CLOUD_FIRESTORE","featureSettings":{"splitHealthChecks":true,"useContainerOptimizedOs":true}}
[debug] [2022-09-07T09:43:38.602Z] database_type: CLOUD_FIRESTORE
[debug] [2022-09-07T09:43:38.602Z] > command requires scopes: ["email","openid","https://www.googleapis.com/auth/cloudplatformprojects.readonly","https://www.googleapis.com/auth/firebase","https://www.googleapis.com/auth/cloud-platform"]
[debug] [2022-09-07T09:43:38.602Z] > authorizing via signed-in user (pontshol29@gmail.com)
[debug] [2022-09-07T09:43:38.602Z] [iam] checking project admin-app-b92fb for permissions ["firebase.projects.get"]
[debug] [2022-09-07T09:43:38.603Z] >>> [apiv2][query] POST https://cloudresourcemanager.googleapis.com/v1/projects/admin-app-b92fb:testIamPermissions [none]
[debug] [2022-09-07T09:43:38.603Z] >>> [apiv2][(partial)header] POST https://cloudresourcemanager.googleapis.com/v1/projects/admin-app-b92fb:testIamPermissions x-goog-quota-user=projects/admin-app-b92fb
[debug] [2022-09-07T09:43:38.603Z] >>> [apiv2][body] POST https://cloudresourcemanager.googleapis.com/v1/projects/admin-app-b92fb:testIamPermissions {"permissions":["firebase.projects.get"]}
[debug] [2022-09-07T09:43:40.387Z] <<< [apiv2][status] POST https://cloudresourcemanager.googleapis.com/v1/projects/admin-app-b92fb:testIamPermissions 200
[debug] [2022-09-07T09:43:40.387Z] <<< [apiv2][body] POST https://cloudresourcemanager.googleapis.com/v1/projects/admin-app-b92fb:testIamPermissions {"permissions":["firebase.projects.get"]}
[info] 
[info] Firestore Security Rules allow you to define how and when to allow
[info] requests. You can keep these rules in your project directory
[info] and publish them with firebase deploy.
[info] 
